============================================================
Time  2016/12/16 00:10:02 023 
============================================================
[2016/12/16 00:10:02 024] isr_local  2145 os_type is:  Linux  
[2016/12/16 00:10:02 033] isr_local  2154 SYS_MSG_LOAD_LOCAL  
[2016/12/16 00:10:02 042] isr_local  2242 last gc at  1481818180  
[2016/12/16 00:10:02 048] isr_local  2183 SYS_MSG_REGCB_LOCAL| param0 =  msp_status_cb  
[2016/12/16 00:10:02 052] isr_local  2242 last gc at  1481818180  
[2016/12/16 00:10:02 059] isr_local  2183 SYS_MSG_REGCB_LOCAL| param0 =  local_service_cbmsg  
[2016/12/16 00:10:02 064] isr_local  2242 last gc at  1481818180  
[2016/12/16 00:10:02 069] isr_local  2091 ASR_LOCAL_MSG_SSB  
[2016/12/16 00:10:02 072] isr_local  1229 esr_session_begin | params:  engine_type=local,asr_res_path=fo|res/asr/common.jet,sample_rate=16000,grm_build_path=res/asr/GrmBuilld,local_grammar=cmd,result_type=xml,result_encoding=UTF-8  
[2016/12/16 00:10:02 077] isr_local  801  engine_type  :  local  
[2016/12/16 00:10:02 079] isr_local  801  asr_res_path  :  fo|res/asr/common.jet  
[2016/12/16 00:10:02 081] isr_local  801  sample_rate  :  16000  
[2016/12/16 00:10:02 083] isr_local  801  grm_build_path  :  res/asr/GrmBuilld  
[2016/12/16 00:10:02 085] isr_local  801  local_grammar  :  cmd  
[2016/12/16 00:10:02 086] isr_local  801  result_type  :  xml  
[2016/12/16 00:10:02 088] isr_local  801  result_encoding  :  UTF-8  
[2016/12/16 00:10:02 089] isr_local  1258 init aitalk in ssb  
[2016/12/16 00:10:02 091] isr_local  1142 esr_init | params:  engine_type=local,asr_res_path=fo|res/asr/common.jet,sample_rate=16000,grm_build_path=res/asr/GrmBuilld,local_grammar=cmd,result_type=xml,result_encoding=UTF-8  
[2016/12/16 00:10:02 093] isr_local  801  engine_type  :  local  
[2016/12/16 00:10:02 095] isr_local  801  asr_res_path  :  fo|res/asr/common.jet  
[2016/12/16 00:10:02 097] isr_local  801  sample_rate  :  16000  
[2016/12/16 00:10:02 098] isr_local  801  grm_build_path  :  res/asr/GrmBuilld  
[2016/12/16 00:10:02 100] isr_local  801  local_grammar  :  cmd  
[2016/12/16 00:10:02 102] isr_local  801  result_type  :  xml  
[2016/12/16 00:10:02 103] isr_local  801  result_encoding  :  UTF-8  
[2016/12/16 00:10:02 104] isr_local  1081  lucEsr.new   
[2016/12/16 00:10:02 108] isr_local  998  file count =   1  
[2016/12/16 00:10:02 110] isr_local  921  file open type is:   fo  
[2016/12/16 00:10:02 113] isr_local  954  res/asr/common.jet  0  0  
[2016/12/16 00:10:02 114] isr_local  1016 speech_plus_setting  0  
[2016/12/16 00:10:02 115] isr_local  1029 2  nil  res/asr/common.jet  0  0  
[2016/12/16 00:10:02 120] isr_local  1031 res_ver  2  
[2016/12/16 00:10:02 122] isr_local  1032 res 5  a67ec4631cc3043e4b7fce4a4b7234d9  
[2016/12/16 00:10:02 124] isr_local  1033 res_new_old_mark  v5pp  
[2016/12/16 00:10:02 127] isr_local  1034 res_usr_name    
[2016/12/16 00:10:02 128] isr_local  1035 res_expires  1485072161  
[2016/12/16 00:10:02 129] isr_local  1036 err  0  
[2016/12/16 00:10:02 131] isr_local  1052 lgi appid 5  a67ec4631cc3043e4b7fce4a4b7234d9  
[2016/12/16 00:10:02 133] isr_local  1067 now expires:  1481818202  1485072161  
[2016/12/16 00:10:02 147] auth       252  read auth file failed! err=  11200  
[2016/12/16 00:10:02 220] isr_local  1272 authorized_aitalk=  nil  
[2016/12/16 00:10:02 223] isr_local  1273 forbid_aitalk=  nil  
[2016/12/16 00:10:02 226] auth       570  aitalk  table(b00330e0) nil  nil  appid = 583467f7  
[2016/12/16 00:10:02 229] auth       579  app  nil  nil  nil  
[2016/12/16 00:10:02 231] auth       636  ath rquest  {"authorize":[{"ver":"2.1.1","busin":"aitalk"}]}  
[2016/12/16 00:10:02 234] transport  609  paramkvsport is   nil  
[2016/12/16 00:10:02 236] transport  617  ns_enable=  1  
[2016/12/16 00:10:02 237] transport  661  url.full=  nil  
[2016/12/16 00:10:02 239] transport  837  switch 80  
[2016/12/16 00:10:02 240] transport  844  net type:  standard  
[2016/12/16 00:10:02 266] transport  845  net operator:  def  
[2016/12/16 00:10:02 268] transport  846  use proxy:  false  
[2016/12/16 00:10:02 270] auth       691  not login!  
[2016/12/16 00:10:02 271] auth       528  [session] send auth request  
[2016/12/16 00:10:02 272] transport  959  session.domain=  open.xf-yun.com  
[2016/12/16 00:10:02 273] transport  960  url.host=  open.xf-yun.com  
[2016/12/16 00:10:02 276] network    83   ipfromenv ,  ipcache  open.xf-yun.com  def  nil  
[2016/12/16 00:10:02 278] transport  994  NAMESERVER START  
[2016/12/16 00:10:02 279] transport  997  name =   ath  
[2016/12/16 00:10:02 280] ns         727  ntt=  standard  
[2016/12/16 00:10:02 281] transport  1000 trans,ns_inprog =  0  
[2016/12/16 00:10:02 282] ns         682  name server start  
[2016/12/16 00:10:02 283] ns         683  ns_sub =   ath  
[2016/12/16 00:10:02 284] ns         685  ns_host=  open.xf-yun.com  
[2016/12/16 00:10:02 284] ns         403  ns_host=  open.xf-yun.com  
[2016/12/16 00:10:02 285] ns         662  GET /sip/resolver?srand=1216001011.32 HTTP/1.1
Host: hdns.openspeech.cn
Connection: Keep-Alive
X-Par: ver=1.2&appid=583467f7&operator=UNKNOW&nettype=STANDARD&cver=5.0.27.1135&svc=ath&host=open.xf-yun.com&sign=5eb6633a398d58a3c1bd32d403a733b8
User-Agent: iFLYCloud

  
[2016/12/16 00:10:02 287] ns         663  net_type =  standard  
[2016/12/16 00:10:02 288] ns         664  cmwapascmnet =  
[2016/12/16 00:10:02 289] ns         665  uniwapasuninet =  
[2016/12/16 00:10:02 290] ns         666  ctwapasctnet =  
[2016/12/16 00:10:02 291] ns         676  host=  hdns.openspeech.cn  
[2016/12/16 00:10:02 293] auth       535  0  
[2016/12/16 00:10:02 295] auth       498  lver:  nil  
[2016/12/16 00:10:02 297] auth       503  cfg_ver:  nil  
[2016/12/16 00:10:02 303] isr_local  2015 commit path:   res/asr/GrmBuilld/temp/commit  
[2016/12/16 00:10:02 331] isr_local  2053 commit success!  
[2016/12/16 00:10:02 346] isr_local  1387 esr_session_begin | esr_obj:start ret =  0  
[2016/12/16 00:10:02 347] isr_local  2099 esr_session_begin, ret =   0  
[2016/12/16 00:10:02 349] isr_local  2242 last gc at  1481818180  
[2016/12/16 00:10:02 352] isr_local  2103 ASR_LOCAL_MSG_AUW  
[2016/12/16 00:10:02 355] isr_local  601  audio buffered :   udata(b03f23b8) 1  
[2016/12/16 00:10:02 356] isr_local  2242 last gc at  1481818180  
[2016/12/16 00:10:02 360] isr_local  2103 ASR_LOCAL_MSG_AUW  
[2016/12/16 00:10:02 363] isr_local  601  audio buffered :   udata(b03f2678) 2  
[2016/12/16 00:10:02 365] isr_local  2242 last gc at  1481818180  
[2016/12/16 00:10:02 368] isr_local  2103 ASR_LOCAL_MSG_AUW  
[2016/12/16 00:10:02 371] isr_local  601  audio buffered :   udata(b03f2718) 2  
[2016/12/16 00:10:02 373] isr_local  2242 last gc at  1481818180  
[2016/12/16 00:10:02 377] isr_local  2103 ASR_LOCAL_MSG_AUW  
[2016/12/16 00:10:02 382] isr_local  601  audio buffered :   udata(b03f2568) 2  
[2016/12/16 00:10:02 383] isr_local  2242 last gc at  1481818180  
[2016/12/16 00:10:02 386] isr_local  2103 ASR_LOCAL_MSG_AUW  
[2016/12/16 00:10:02 388] isr_local  601  audio buffered :   udata(b03f2918) 2  
[2016/12/16 00:10:02 390] isr_local  2242 last gc at  1481818180  
[2016/12/16 00:10:02 394] isr_local  2103 ASR_LOCAL_MSG_AUW  
[2016/12/16 00:10:02 394] isr_local  601  audio buffered :   udata(b03f27b8) 2  
[2016/12/16 00:10:02 395] isr_local  2242 last gc at  1481818180  
[2016/12/16 00:10:02 397] isr_local  2103 ASR_LOCAL_MSG_AUW  
[2016/12/16 00:10:02 397] isr_local  601  audio buffered :   udata(b03f3ed8) 2  
[2016/12/16 00:10:02 398] isr_local  2242 last gc at  1481818180  
[2016/12/16 00:10:02 400] isr_local  2103 ASR_LOCAL_MSG_AUW  
[2016/12/16 00:10:02 401] isr_local  601  audio buffered :   udata(b03f3d78) 2  
[2016/12/16 00:10:02 401] isr_local  2242 last gc at  1481818180  
[2016/12/16 00:10:02 403] isr_local  2103 ASR_LOCAL_MSG_AUW  
[2016/12/16 00:10:02 404] isr_local  601  audio buffered :   udata(b03f3e28) 2  
[2016/12/16 00:10:02 404] isr_local  2242 last gc at  1481818180  
[2016/12/16 00:10:02 407] isr_local  2103 ASR_LOCAL_MSG_AUW  
[2016/12/16 00:10:02 408] isr_local  601  audio buffered :   udata(b03f50b8) 2  
[2016/12/16 00:10:02 409] isr_local  2242 last gc at  1481818180  
[2016/12/16 00:10:02 411] isr_local  2103 ASR_LOCAL_MSG_AUW  
[2016/12/16 00:10:02 412] isr_local  601  audio buffered :   udata(b03f51b8) 2  
[2016/12/16 00:10:02 413] isr_local  2242 last gc at  1481818180  
[2016/12/16 00:10:02 415] isr_local  2103 ASR_LOCAL_MSG_AUW  
[2016/12/16 00:10:02 415] isr_local  601  audio buffered :   udata(b03f3fd8) 2  
[2016/12/16 00:10:02 417] isr_local  2242 last gc at  1481818180  
[2016/12/16 00:10:02 419] isr_local  2103 ASR_LOCAL_MSG_AUW  
[2016/12/16 00:10:02 420] isr_local  601  audio buffered :   udata(b03f5478) 2  
[2016/12/16 00:10:02 421] isr_local  2242 last gc at  1481818180  
[2016/12/16 00:10:02 423] isr_local  2103 ASR_LOCAL_MSG_AUW  
[2016/12/16 00:10:02 424] isr_local  601  audio buffered :   udata(b03f5578) 2  
[2016/12/16 00:10:02 425] isr_local  2242 last gc at  1481818180  
[2016/12/16 00:10:02 427] isr_local  2103 ASR_LOCAL_MSG_AUW  
[2016/12/16 00:10:02 428] isr_local  601  audio buffered :   udata(b03f5678) 4  
[2016/12/16 00:10:02 428] isr_local  2242 last gc at  1481818180  
[2016/12/16 00:10:02 430] ns         290  ns dns resp  10214  
[2016/12/16 00:10:02 431] ns         564  ns dns failed, err =   10214  
[2016/12/16 00:10:02 432] ns         174  ns gethttpresp  117.121.48.5  80  
[2016/12/16 00:10:02 445] transport  295  [dns] [0] failed! 10214  
[2016/12/16 00:10:02 450] network    83   ipfromenv ,  ipcache  open.xf-yun.com  def  nil  
[2016/12/16 00:10:02 452] network    83   ipfromenv ,  ipcfg  open.xf-yun.com  def  nil  
[2016/12/16 00:10:02 452] transport  1166 [soc] connect   116.213.69.195  80  
[2016/12/16 00:10:02 457] transport  1183 mspsoc.open,prot_type=  tcp  
[2016/12/16 00:10:02 482] isr_local  655  local engine ready  
[2016/12/16 00:10:02 489] isr_local  585  esr_flush_buf_audio buffer audio num:  15  
[2016/12/16 00:10:02 490] isr_local  1536 auwl =   6400  
[2016/12/16 00:10:02 491] isr_local  590  esr_audio_write, ret =  0  
[2016/12/16 00:10:02 493] isr_local  1536 auwl =   6400  
[2016/12/16 00:10:02 505] isr_local  590  esr_audio_write, ret =  0  
[2016/12/16 00:10:02 513] isr_local  1536 auwl =   6400  
[2016/12/16 00:10:02 521] isr_local  590  esr_audio_write, ret =  0  
[2016/12/16 00:10:02 522] isr_local  1536 auwl =   6400  
[2016/12/16 00:10:02 525] isr_local  590  esr_audio_write, ret =  0  
[2016/12/16 00:10:02 526] isr_local  1536 auwl =   6400  
[2016/12/16 00:10:02 529] isr_local  590  esr_audio_write, ret =  0  
[2016/12/16 00:10:02 530] isr_local  1536 auwl =   6400  
[2016/12/16 00:10:02 536] isr_local  590  esr_audio_write, ret =  0  
[2016/12/16 00:10:02 536] isr_local  1536 auwl =   6400  
[2016/12/16 00:10:02 538] isr_local  590  esr_audio_write, ret =  0  
[2016/12/16 00:10:02 541] isr_local  1536 auwl =   6400  
[2016/12/16 00:10:02 543] isr_local  590  esr_audio_write, ret =  0  
[2016/12/16 00:10:02 546] isr_local  1536 auwl =   6400  
[2016/12/16 00:10:02 548] isr_local  590  esr_audio_write, ret =  0  
[2016/12/16 00:10:02 549] isr_local  1536 auwl =   6400  
[2016/12/16 00:10:02 554] isr_local  590  esr_audio_write, ret =  0  
[2016/12/16 00:10:02 555] isr_local  1536 auwl =   6400  
[2016/12/16 00:10:02 557] isr_local  590  esr_audio_write, ret =  0  
[2016/12/16 00:10:02 561] isr_local  1536 auwl =   6400  
[2016/12/16 00:10:02 562] isr_local  590  esr_audio_write, ret =  0  
[2016/12/16 00:10:02 563] isr_local  1536 auwl =   6400  
[2016/12/16 00:10:02 570] isr_local  590  esr_audio_write, ret =  0  
[2016/12/16 00:10:02 573] isr_local  1536 auwl =   6400  
[2016/12/16 00:10:02 574] isr_local  590  esr_audio_write, ret =  0  
[2016/12/16 00:10:02 575] isr_local  1536 auwl =   5760  
[2016/12/16 00:10:02 582] isr_local  590  esr_audio_write, ret =  0  
[2016/12/16 00:10:02 590] isr_local  630  local engine started  
[2016/12/16 00:10:02 612] isr_local  669  final result will throw out next!  
[2016/12/16 00:10:02 615] isr_local  679  nRecognizeState:  1  
[2016/12/16 00:10:02 619] isr_local  680  nConfidenceScore:  0  
[2016/12/16 00:10:02 620] isr_local  728  result_type :   xml  
[2016/12/16 00:10:02 622] isr_local  729  result_encoding :   UTF-8  
[2016/12/16 00:10:02 623] isr_local  730  is iat :   true  
[2016/12/16 00:10:02 625] isr_local  771  no recognized result!  
[2016/12/16 00:10:02 628] isr_local  675  recognized end!  
[2016/12/16 00:10:02 838] isr_local  2117 ASR_LOCAL_MSG_SSE  
[2016/12/16 00:10:02 840] isr_local  1496 esr_session_end | esr_obj:stop ret =  0  
[2016/12/16 00:10:02 842] isr_local  2119 esr_session_end, ret =  0  
[2016/12/16 00:10:02 867] isr_local  2242 last gc at  1481818180  
[2016/12/16 00:10:02 930] isr_local  638  local engine already stopped! stop cmd ignored  
