============================================================
Time  2016/12/16 00:09:40 836 
============================================================
[2016/12/16 00:09:40 837] isr_local  2145 os_type is:  Linux  
[2016/12/16 00:09:40 838] isr_local  2154 SYS_MSG_LOAD_LOCAL  
[2016/12/16 00:09:40 840] isr_local  2183 SYS_MSG_REGCB_LOCAL| param0 =  msp_status_cb  
[2016/12/16 00:09:40 841] isr_local  2242 last gc at  1481818180  
[2016/12/16 00:09:40 844] isr_local  2183 SYS_MSG_REGCB_LOCAL| param0 =  build_grm_cb  
[2016/12/16 00:09:40 846] isr_local  2242 last gc at  1481818180  
[2016/12/16 00:09:40 848] isr_local  2196 ASR_LOCAL_MSG_BUILD_GRM  
[2016/12/16 00:09:40 848] isr_local  1838 grm_init | params:  engine_type = local, 		asr_res_path = fo|res/asr/common.jet, sample_rate = 16000, 		grm_build_path = res/asr/GrmBuilld,   
[2016/12/16 00:09:40 849] isr_local  801  engine_type  :  local  
[2016/12/16 00:09:40 850] isr_local  801  asr_res_path  :  fo|res/asr/common.jet  
[2016/12/16 00:09:40 851] isr_local  801  sample_rate  :  16000  
[2016/12/16 00:09:40 852] isr_local  801  grm_build_path  :  res/asr/GrmBuilld  
[2016/12/16 00:09:40 856] isr_local  998  file count =   1  
[2016/12/16 00:09:40 857] isr_local  921  file open type is:   fo  
[2016/12/16 00:09:40 858] isr_local  954  res/asr/common.jet  0  0  
[2016/12/16 00:09:40 859] isr_local  1016 speech_plus_setting  0  
[2016/12/16 00:09:40 860] isr_local  1029 2  nil  res/asr/common.jet  0  0  
[2016/12/16 00:09:40 864] isr_local  1031 res_ver  2  
[2016/12/16 00:09:40 864] isr_local  1032 res 5  a67ec4631cc3043e4b7fce4a4b7234d9  
[2016/12/16 00:09:40 865] isr_local  1033 res_new_old_mark  v5pp  
[2016/12/16 00:09:40 866] isr_local  1034 res_usr_name    
[2016/12/16 00:09:40 866] isr_local  1035 res_expires  1485072161  
[2016/12/16 00:09:40 867] isr_local  1036 err  0  
[2016/12/16 00:09:40 867] isr_local  1052 lgi appid 5  a67ec4631cc3043e4b7fce4a4b7234d9  
[2016/12/16 00:09:40 868] isr_local  1067 now expires:  1481818180  1485072161  
[2016/12/16 00:09:40 881] isr_local  1579 proc_retcode_grm | errorcode =  0  
[2016/12/16 00:09:40 917] isr_local  1956 grammar id:cmd  
[2016/12/16 00:09:40 919] isr_local  1571 onGrmLocalServiceCb  0  cmd  
