============================================================
Time  2016/12/15 00:54:41 547 
============================================================
[2016/12/15 00:54:41 548] isr_local  2145 os_type is:  Linux  
[2016/12/15 00:54:41 549] isr_local  2154 SYS_MSG_LOAD_LOCAL  
[2016/12/15 00:54:41 550] isr_local  2183 SYS_MSG_REGCB_LOCAL| param0 =  msp_status_cb  
[2016/12/15 00:54:41 551] isr_local  2242 last gc at  1481792081  
[2016/12/15 00:54:41 554] isr_local  2183 SYS_MSG_REGCB_LOCAL| param0 =  build_grm_cb  
[2016/12/15 00:54:41 555] isr_local  2242 last gc at  1481792081  
[2016/12/15 00:54:41 557] isr_local  2196 ASR_LOCAL_MSG_BUILD_GRM  
[2016/12/15 00:54:41 558] isr_local  1838 grm_init | params:  engine_type = local, 		asr_res_path = fo|res/asr/common.jet, sample_rate = 16000, 		grm_build_path = res/asr/GrmBuilld,   
[2016/12/15 00:54:41 559] isr_local  801  engine_type  :  local  
[2016/12/15 00:54:41 559] isr_local  801  asr_res_path  :  fo|res/asr/common.jet  
[2016/12/15 00:54:41 560] isr_local  801  sample_rate  :  16000  
[2016/12/15 00:54:41 561] isr_local  801  grm_build_path  :  res/asr/GrmBuilld  
[2016/12/15 00:54:41 568] isr_local  998  file count =   1  
[2016/12/15 00:54:41 570] isr_local  921  file open type is:   fo  
[2016/12/15 00:54:41 572] isr_local  954  res/asr/common.jet  0  0  
[2016/12/15 00:54:41 573] isr_local  1016 speech_plus_setting  0  
[2016/12/15 00:54:41 574] isr_local  1029 2  nil  res/asr/common.jet  0  0  
[2016/12/15 00:54:41 578] isr_local  1031 res_ver  2  
[2016/12/15 00:54:41 578] isr_local  1032 res 5  a67ec4631cc3043e4b7fce4a4b7234d9  
[2016/12/15 00:54:41 579] isr_local  1033 res_new_old_mark  v5pp  
[2016/12/15 00:54:41 579] isr_local  1034 res_usr_name    
[2016/12/15 00:54:41 580] isr_local  1035 res_expires  1485072161  
[2016/12/15 00:54:41 580] isr_local  1036 err  0  
[2016/12/15 00:54:41 581] isr_local  1052 lgi appid 5  a67ec4631cc3043e4b7fce4a4b7234d9  
[2016/12/15 00:54:41 582] isr_local  1067 now expires:  1481792081  1485072161  
[2016/12/15 00:54:41 592] isr_local  1579 proc_retcode_grm | errorcode =  0  
[2016/12/15 00:54:41 629] isr_local  1956 grammar id:cmd  
[2016/12/15 00:54:41 630] isr_local  1571 onGrmLocalServiceCb  0  cmd  
